c:\users\aaa123\source\repos\consoleapplication4\consoleapplication4\debug\consoleapplication4.pch
c:\users\aaa123\source\repos\consoleapplication4\consoleapplication4\debug\vc141.pdb
c:\users\aaa123\source\repos\consoleapplication4\consoleapplication4\debug\vc141.idb
c:\users\aaa123\source\repos\consoleapplication4\consoleapplication4\debug\pch.obj
c:\users\aaa123\source\repos\consoleapplication4\consoleapplication4\debug\consoleapplication4.obj
c:\users\aaa123\source\repos\consoleapplication4\consoleapplication4\debug\mapbuilder.obj
c:\users\aaa123\source\repos\consoleapplication4\debug\consoleapplication4.exe
c:\users\aaa123\source\repos\consoleapplication4\debug\consoleapplication4.ilk
c:\users\aaa123\source\repos\consoleapplication4\debug\consoleapplication4.pdb
c:\users\aaa123\source\repos\consoleapplication4\consoleapplication4\debug\consolea.6949e715.tlog\cl.command.1.tlog
c:\users\aaa123\source\repos\consoleapplication4\consoleapplication4\debug\consolea.6949e715.tlog\cl.read.1.tlog
c:\users\aaa123\source\repos\consoleapplication4\consoleapplication4\debug\consolea.6949e715.tlog\cl.write.1.tlog
c:\users\aaa123\source\repos\consoleapplication4\consoleapplication4\debug\consolea.6949e715.tlog\link.12784-cvtres.read.1.tlog
c:\users\aaa123\source\repos\consoleapplication4\consoleapplication4\debug\consolea.6949e715.tlog\link.12784-cvtres.write.1.tlog
c:\users\aaa123\source\repos\consoleapplication4\consoleapplication4\debug\consolea.6949e715.tlog\link.12784-rc.read.1.tlog
c:\users\aaa123\source\repos\consoleapplication4\consoleapplication4\debug\consolea.6949e715.tlog\link.12784-rc.write.1.tlog
c:\users\aaa123\source\repos\consoleapplication4\consoleapplication4\debug\consolea.6949e715.tlog\link.12784.read.1.tlog
c:\users\aaa123\source\repos\consoleapplication4\consoleapplication4\debug\consolea.6949e715.tlog\link.12784.write.1.tlog
c:\users\aaa123\source\repos\consoleapplication4\consoleapplication4\debug\consolea.6949e715.tlog\link.command.1.tlog
c:\users\aaa123\source\repos\consoleapplication4\consoleapplication4\debug\consolea.6949e715.tlog\link.read.1.tlog
c:\users\aaa123\source\repos\consoleapplication4\consoleapplication4\debug\consolea.6949e715.tlog\link.write.1.tlog
